{"D:\\microverse projects\\Test-Ex-Practice\\capitalize.js": {"path":"D:\\microverse projects\\Test-Ex-Practice\\capitalize.js","statementMap":{"0":{"start":{"line":2,"column":2},"end":{"line":2,"column":58}},"1":{"start":{"line":5,"column":0},"end":{"line":5,"column":28}}},"fnMap":{"0":{"name":"capitalize","decl":{"start":{"line":1,"column":9},"end":{"line":1,"column":19}},"loc":{"start":{"line":1,"column":28},"end":{"line":4,"column":1}},"line":1}},"branchMap":{},"s":{"0":1,"1":1},"f":{"0":1},"b":{},"_coverageSchema":"1a1c01bbd47fc00a2c39e90264f33305004495a9","hash":"a80d84ab3c28c2c3f9cfcb0b1856b446ff19cf5a"}
,"D:\\microverse projects\\Test-Ex-Practice\\reversestring.js": {"path":"D:\\microverse projects\\Test-Ex-Practice\\reversestring.js","statementMap":{"0":{"start":{"line":2,"column":2},"end":{"line":2,"column":42}},"1":{"start":{"line":5,"column":0},"end":{"line":5,"column":31}}},"fnMap":{"0":{"name":"reverseString","decl":{"start":{"line":1,"column":9},"end":{"line":1,"column":22}},"loc":{"start":{"line":1,"column":28},"end":{"line":3,"column":1}},"line":1}},"branchMap":{},"s":{"0":1,"1":1},"f":{"0":1},"b":{},"_coverageSchema":"1a1c01bbd47fc00a2c39e90264f33305004495a9","hash":"f2c209c1c0f93fa264bce14c12e5b995ced17d43"}
,"D:\\microverse projects\\Test-Ex-Practice\\stringlength.js": {"path":"D:\\microverse projects\\Test-Ex-Practice\\stringlength.js","statementMap":{"0":{"start":{"line":2,"column":2},"end":{"line":2,"column":20}},"1":{"start":{"line":5,"column":0},"end":{"line":5,"column":30}}},"fnMap":{"0":{"name":"stringLength","decl":{"start":{"line":1,"column":9},"end":{"line":1,"column":21}},"loc":{"start":{"line":1,"column":27},"end":{"line":3,"column":1}},"line":1}},"branchMap":{},"s":{"0":1,"1":1},"f":{"0":1},"b":{},"_coverageSchema":"1a1c01bbd47fc00a2c39e90264f33305004495a9","hash":"d48419688a95ab7f806a7a9f6b323e097040ba9d"}
}
